{"C:\\Users\\Devi Andri Aldi\\Documents\\altera\\materi-tugas-altera\\tugas-week-2\\Problem-Solving-Paradigm-2\\Part2\\problem1\\problem1.ts": {"path":"C:\\Users\\Devi Andri Aldi\\Documents\\altera\\materi-tugas-altera\\tugas-week-2\\Problem-Solving-Paradigm-2\\Part2\\problem1\\problem1.ts","statementMap":{"0":{"start":{"line":3,"column":22},"end":{"line":3,"column":23}},"1":{"start":{"line":4,"column":22},"end":{"line":4,"column":24}},"2":{"start":{"line":5,"column":2},"end":{"line":12,"column":null}},"3":{"start":{"line":5,"column":15},"end":{"line":5,"column":16}},"4":{"start":{"line":6,"column":4},"end":{"line":6,"column":12}},"5":{"start":{"line":7,"column":4},"end":{"line":11,"column":null}},"6":{"start":{"line":8,"column":6},"end":{"line":8,"column":17}},"7":{"start":{"line":10,"column":6},"end":{"line":10,"column":39}},"8":{"start":{"line":13,"column":2},"end":{"line":13,"column":16}},"9":{"start":{"line":16,"column":0},"end":{"line":16,"column":27}}},"fnMap":{"0":{"name":"fiboTopDown","decl":{"start":{"line":1,"column":9},"end":{"line":1,"column":20}},"loc":{"start":{"line":1,"column":30},"end":{"line":14,"column":1}}}},"branchMap":{"0":{"loc":{"start":{"line":7,"column":4},"end":{"line":11,"column":null}},"type":"if","locations":[{"start":{"line":7,"column":4},"end":{"line":11,"column":null}},{"start":{"line":9,"column":11},"end":{"line":11,"column":null}}]}},"s":{"0":9,"1":9,"2":9,"3":9,"4":52,"5":52,"6":17,"7":35,"8":9,"9":1},"f":{"0":9},"b":{"0":[17,35]}}
,"C:\\Users\\Devi Andri Aldi\\Documents\\altera\\materi-tugas-altera\\tugas-week-2\\Problem-Solving-Paradigm-2\\Part2\\problem2\\problem2.ts": {"path":"C:\\Users\\Devi Andri Aldi\\Documents\\altera\\materi-tugas-altera\\tugas-week-2\\Problem-Solving-Paradigm-2\\Part2\\problem2\\problem2.ts","statementMap":{"0":{"start":{"line":4,"column":14},"end":{"line":4,"column":15}},"1":{"start":{"line":5,"column":12},"end":{"line":5,"column":28}},"2":{"start":{"line":7,"column":2},"end":{"line":17,"column":null}},"3":{"start":{"line":8,"column":17},"end":{"line":8,"column":46}},"4":{"start":{"line":9,"column":4},"end":{"line":16,"column":null}},"5":{"start":{"line":10,"column":6},"end":{"line":10,"column":38}},"6":{"start":{"line":11,"column":6},"end":{"line":11,"column":20}},"7":{"start":{"line":12,"column":11},"end":{"line":16,"column":null}},"8":{"start":{"line":13,"column":6},"end":{"line":13,"column":25}},"9":{"start":{"line":15,"column":6},"end":{"line":15,"column":23}},"10":{"start":{"line":18,"column":2},"end":{"line":18,"column":34}},"11":{"start":{"line":19,"column":2},"end":{"line":19,"column":12}},"12":{"start":{"line":22,"column":14},"end":{"line":29,"column":2}},"13":{"start":{"line":30,"column":19},"end":{"line":32,"column":2}},"14":{"start":{"line":31,"column":2},"end":{"line":31,"column":15}},"15":{"start":{"line":34,"column":0},"end":{"line":34,"column":28}}},"fnMap":{"0":{"name":"binarySearch","decl":{"start":{"line":1,"column":9},"end":{"line":1,"column":21}},"loc":{"start":{"line":1,"column":48},"end":{"line":20,"column":1}}},"1":{"name":"(anonymous_1)","decl":{"start":{"line":30,"column":38},"end":{"line":30,"column":39}},"loc":{"start":{"line":30,"column":47},"end":{"line":32,"column":1}}}},"branchMap":{"0":{"loc":{"start":{"line":9,"column":4},"end":{"line":16,"column":null}},"type":"if","locations":[{"start":{"line":9,"column":4},"end":{"line":16,"column":null}},{"start":{"line":12,"column":11},"end":{"line":16,"column":null}}]},"1":{"loc":{"start":{"line":12,"column":11},"end":{"line":16,"column":null}},"type":"if","locations":[{"start":{"line":12,"column":11},"end":{"line":16,"column":null}},{"start":{"line":14,"column":11},"end":{"line":16,"column":null}}]}},"s":{"0":4,"1":4,"2":4,"3":10,"4":10,"5":3,"6":3,"7":7,"8":6,"9":1,"10":1,"11":1,"12":1,"13":1,"14":536,"15":1},"f":{"0":4,"1":536},"b":{"0":[3,7],"1":[6,1]}}
,"C:\\Users\\Devi Andri Aldi\\Documents\\altera\\materi-tugas-altera\\tugas-week-2\\Problem-Solving-Paradigm-2\\Part2\\problem3\\problem3.ts": {"path":"C:\\Users\\Devi Andri Aldi\\Documents\\altera\\materi-tugas-altera\\tugas-week-2\\Problem-Solving-Paradigm-2\\Part2\\problem3\\problem3.ts","statementMap":{"0":{"start":{"line":4,"column":12},"end":{"line":4,"column":35}},"1":{"start":{"line":5,"column":2},"end":{"line":5,"column":13}},"2":{"start":{"line":7,"column":2},"end":{"line":16,"column":null}},"3":{"start":{"line":7,"column":15},"end":{"line":7,"column":16}},"4":{"start":{"line":8,"column":4},"end":{"line":15,"column":null}},"5":{"start":{"line":9,"column":6},"end":{"line":9,"column":45}},"6":{"start":{"line":11,"column":6},"end":{"line":14,"column":8}},"7":{"start":{"line":18,"column":2},"end":{"line":18,"column":31}},"8":{"start":{"line":21,"column":0},"end":{"line":21,"column":20}}},"fnMap":{"0":{"name":"frog","decl":{"start":{"line":1,"column":9},"end":{"line":1,"column":13}},"loc":{"start":{"line":1,"column":29},"end":{"line":19,"column":1}}}},"branchMap":{"0":{"loc":{"start":{"line":8,"column":4},"end":{"line":15,"column":null}},"type":"if","locations":[{"start":{"line":8,"column":4},"end":{"line":15,"column":null}},{"start":{"line":10,"column":11},"end":{"line":15,"column":null}}]}},"s":{"0":2,"1":2,"2":2,"3":2,"4":8,"5":2,"6":6,"7":2,"8":1},"f":{"0":2},"b":{"0":[2,6]}}
,"C:\\Users\\Devi Andri Aldi\\Documents\\altera\\materi-tugas-altera\\tugas-week-2\\Problem-Solving-Paradigm-2\\Part2\\problem4\\problem4.ts": {"path":"C:\\Users\\Devi Andri Aldi\\Documents\\altera\\materi-tugas-altera\\tugas-week-2\\Problem-Solving-Paradigm-2\\Part2\\problem4\\problem4.ts","statementMap":{"0":{"start":{"line":5,"column":14},"end":{"line":19,"column":4}},"1":{"start":{"line":21,"column":15},"end":{"line":21,"column":17}},"2":{"start":{"line":23,"column":2},"end":{"line":27,"column":null}},"3":{"start":{"line":24,"column":22},"end":{"line":24,"column":50}},"4":{"start":{"line":25,"column":4},"end":{"line":25,"column":36}},"5":{"start":{"line":26,"column":4},"end":{"line":26,"column":36}},"6":{"start":{"line":29,"column":2},"end":{"line":29,"column":16}},"7":{"start":{"line":32,"column":0},"end":{"line":32,"column":29}}},"fnMap":{"0":{"name":"romanNumerals","decl":{"start":{"line":1,"column":9},"end":{"line":1,"column":22}},"loc":{"start":{"line":1,"column":36},"end":{"line":30,"column":1}}}},"branchMap":{},"s":{"0":5,"1":5,"2":5,"3":65,"4":65,"5":65,"6":5,"7":1},"f":{"0":5},"b":{}}
}
