TN:
SF:Part2\problem1\problem1.ts
FN:1,fiboTopDown
FNF:1
FNH:1
FNDA:9,fiboTopDown
DA:3,9
DA:4,9
DA:5,9
DA:6,52
DA:7,52
DA:8,17
DA:10,35
DA:13,9
DA:16,1
LF:9
LH:9
BRDA:7,0,0,17
BRDA:7,0,1,35
BRF:2
BRH:2
end_of_record
TN:
SF:Part2\problem2\problem2.ts
FN:1,binarySearch
FN:30,(anonymous_1)
FNF:2
FNH:2
FNDA:4,binarySearch
FNDA:536,(anonymous_1)
DA:4,4
DA:5,4
DA:7,4
DA:8,10
DA:9,10
DA:10,3
DA:11,3
DA:12,7
DA:13,6
DA:15,1
DA:18,1
DA:19,1
DA:22,1
DA:30,1
DA:31,536
DA:34,1
LF:16
LH:16
BRDA:9,0,0,3
BRDA:9,0,1,7
BRDA:12,1,0,6
BRDA:12,1,1,1
BRF:4
BRH:4
end_of_record
TN:
SF:Part2\problem3\problem3.ts
FN:1,frog
FNF:1
FNH:1
FNDA:2,frog
DA:4,2
DA:5,2
DA:7,2
DA:8,8
DA:9,2
DA:11,6
DA:18,2
DA:21,1
LF:8
LH:8
BRDA:8,0,0,2
BRDA:8,0,1,6
BRF:2
BRH:2
end_of_record
TN:
SF:Part2\problem4\problem4.ts
FN:1,romanNumerals
FNF:1
FNH:1
FNDA:5,romanNumerals
DA:5,5
DA:21,5
DA:23,5
DA:24,65
DA:25,65
DA:26,65
DA:29,5
DA:32,1
LF:8
LH:8
BRF:0
BRH:0
end_of_record
